<?xml version="1.0" encoding="UTF-8" ?>
<testsuite errors="1" failures="0" hostname="Sevas-MacBook-Air.local" name="cardgame.PlayerTest" tests="1" time="0.078" timestamp="2013-11-25T14:05:53">
  <properties>
[...]
</properties>
  <testcase classname="cardgame.PlayerTest" name="initializationError" time="0.008">
    <error message="No runnable methods" type="java.lang.Exception">java.lang.Exception: No runnable methods
	at java.lang.reflect.Constructor.newInstance(Constructor.java:526)
</error>
  </testcase>
  <system-out><![CDATA[]]></system-out>
  <system-err><![CDATA[]]></system-err>
</testsuite>
